<?xml version="1.0" encoding="UTF-8"?>
<!-- Generated by org.testng.reporters.JUnitXMLReporter -->
<testsuite ignored="0" hostname="BYOD-664455" failures="0" tests="2" name="Test1" time="51.674" errors="0" timestamp="2023-08-01T09:29:43 IST">
  <testcase classname="TestCases.LoginModel" name="TC_Login_001" time="0.0">
    <skipped/>
  </testcase> <!-- TC_Login_001 -->
  <testcase classname="TestCases.LoginModel" name="TC_Login_002" time="0.001">
    <skipped/>
  </testcase> <!-- TC_Login_002 -->
</testsuite> <!-- Test1 -->
